Using pre-set license
Built from '2021.3/staging' branch; Version is '2021.3.25f1 (68ef2c4f8861) revision 6876972'; Using compiler version '192829333'; Build Type 'Release'
OS: 'Windows 10  (10.0.19045) 64bit Core' Language: 'de' Physical Memory: 32666 MB
BatchMode: 1, IsHumanControllingUs: 0, StartBugReporterOnCrash: 0, Is64bit: 1, IsPro: 1

COMMAND LINE ARGUMENTS:
C:\Program Files\Unity\Hub\Editor\2021.3.25f1\Editor\Unity.exe
-adb2
-batchMode
-noUpm
-name
AssetImportWorker2
-projectPath
C:/Users/sophi/LawinenBergung/LawinenBergungUnity
-logFile
Logs/AssetImportWorker2.log
-srvPort
51706
Successfully changed project path to: C:/Users/sophi/LawinenBergung/LawinenBergungUnity
C:/Users/sophi/LawinenBergung/LawinenBergungUnity
[UnityMemory] Configuration Parameters - Can be set up in boot.config
    "memorysetup-bucket-allocator-granularity=16"
    "memorysetup-bucket-allocator-bucket-count=8"
    "memorysetup-bucket-allocator-block-size=33554432"
    "memorysetup-bucket-allocator-block-count=8"
    "memorysetup-main-allocator-block-size=16777216"
    "memorysetup-thread-allocator-block-size=16777216"
    "memorysetup-gfx-main-allocator-block-size=16777216"
    "memorysetup-gfx-thread-allocator-block-size=16777216"
    "memorysetup-cache-allocator-block-size=4194304"
    "memorysetup-typetree-allocator-block-size=2097152"
    "memorysetup-profiler-bucket-allocator-granularity=16"
    "memorysetup-profiler-bucket-allocator-bucket-count=8"
    "memorysetup-profiler-bucket-allocator-block-size=33554432"
    "memorysetup-profiler-bucket-allocator-block-count=8"
    "memorysetup-profiler-allocator-block-size=16777216"
    "memorysetup-profiler-editor-allocator-block-size=1048576"
    "memorysetup-temp-allocator-size-main=16777216"
    "memorysetup-job-temp-allocator-block-size=2097152"
    "memorysetup-job-temp-allocator-block-size-background=1048576"
    "memorysetup-job-temp-allocator-reduction-small-platforms=262144"
    "memorysetup-temp-allocator-size-background-worker=32768"
    "memorysetup-temp-allocator-size-job-worker=262144"
    "memorysetup-temp-allocator-size-preload-manager=33554432"
    "memorysetup-temp-allocator-size-nav-mesh-worker=65536"
    "memorysetup-temp-allocator-size-audio-worker=65536"
    "memorysetup-temp-allocator-size-cloud-worker=32768"
    "memorysetup-temp-allocator-size-gi-baking-worker=262144"
    "memorysetup-temp-allocator-size-gfx=262144"
Player connection [10600] Host "[IP] 192.168.0.103 [Port] 0 [Flags] 2 [Guid] 172117490 [EditorId] 172117490 [Version] 1048832 [Id] WindowsEditor(7,DESKTOP-QV591KC) [Debug] 1 [PackageName] WindowsEditor [ProjectName] Editor" joined multi-casting on [225.0.0.222:54997]...

Player connection [10600] Host "[IP] 192.168.0.103 [Port] 0 [Flags] 2 [Guid] 172117490 [EditorId] 172117490 [Version] 1048832 [Id] WindowsEditor(7,DESKTOP-QV591KC) [Debug] 1 [PackageName] WindowsEditor [ProjectName] Editor" joined alternative multi-casting on [225.0.0.222:34997]...

Refreshing native plugins compatible for Editor in 69.31 ms, found 3 plugins.
Preloading 0 native plugins for Editor in 0.00 ms.
Initialize engine version: 2021.3.25f1 (68ef2c4f8861)
[Subsystems] Discovering subsystems at path C:/Program Files/Unity/Hub/Editor/2021.3.25f1/Editor/Data/Resources/UnitySubsystems
[Subsystems] Discovering subsystems at path C:/Users/sophi/LawinenBergung/LawinenBergungUnity/Assets
GfxDevice: creating device client; threaded=0; jobified=0
Direct3D:
    Version:  Direct3D 11.0 [level 11.1]
    Renderer: NVIDIA GeForce RTX 3070 (ID=0x2484)
    Vendor:   NVIDIA
    VRAM:     8032 MB
    Driver:   31.0.15.3161
Initialize mono
Mono path[0] = 'C:/Program Files/Unity/Hub/Editor/2021.3.25f1/Editor/Data/Managed'
Mono path[1] = 'C:/Program Files/Unity/Hub/Editor/2021.3.25f1/Editor/Data/MonoBleedingEdge/lib/mono/unityjit-win32'
Mono config path = 'C:/Program Files/Unity/Hub/Editor/2021.3.25f1/Editor/Data/MonoBleedingEdge/etc'
Using monoOptions --debugger-agent=transport=dt_socket,embedding=1,server=y,suspend=n,address=127.0.0.1:56588
Begin MonoManager ReloadAssembly
Registering precompiled unity dll's ...
Register platform support module: C:/Program Files/Unity/Hub/Editor/2021.3.25f1/Editor/Data/PlaybackEngines/WebGLSupport/UnityEditor.WebGL.Extensions.dll
Register platform support module: C:/Program Files/Unity/Hub/Editor/2021.3.25f1/Editor/Data/PlaybackEngines/WindowsStandaloneSupport/UnityEditor.WindowsStandalone.Extensions.dll
Registered in 0.010228 seconds.
Native extension for WindowsStandalone target not found
Native extension for WebGL target not found
Refreshing native plugins compatible for Editor in 68.95 ms, found 3 plugins.
Preloading 0 native plugins for Editor in 0.00 ms.
Mono: successfully reloaded assembly
- Completed reload, in  0.646 seconds
Domain Reload Profiling:
	ReloadAssembly (646ms)
		BeginReloadAssembly (122ms)
			ExecutionOrderSort (0ms)
			DisableScriptedObjects (0ms)
			BackupInstance (0ms)
			ReleaseScriptingObjects (0ms)
			CreateAndSetChildDomain (1ms)
		EndReloadAssembly (424ms)
			LoadAssemblies (121ms)
			RebuildTransferFunctionScriptingTraits (0ms)
			SetupTypeCache (99ms)
			ReleaseScriptCaches (0ms)
			RebuildScriptCaches (26ms)
			SetupLoadedEditorAssemblies (252ms)
				LogAssemblyErrors (0ms)
				InitializePlatformSupportModulesInManaged (9ms)
				SetLoadedEditorAssemblies (0ms)
				RefreshPlugins (69ms)
				BeforeProcessingInitializeOnLoad (1ms)
				ProcessInitializeOnLoadAttributes (125ms)
				ProcessInitializeOnLoadMethodAttributes (48ms)
				AfterProcessingInitializeOnLoad (0ms)
				EditorAssembliesLoaded (0ms)
			ExecutionOrderSort2 (0ms)
			AwakeInstancesAfterBackupRestoration (0ms)
Platform modules already initialized, skipping
Registering precompiled user dll's ...
Registered in 0.014282 seconds.
Begin MonoManager ReloadAssembly
Symbol file LoadedFromMemory doesn't match image C:\Users\sophi\LawinenBergung\LawinenBergungUnity\Library\PackageCache\com.unity.visualscripting@1.8.0\Editor\VisualScripting.Core\Dependencies\YamlDotNet\Unity.VisualScripting.YamlDotNet.dll
Symbol file LoadedFromMemory doesn't match image C:\Users\sophi\LawinenBergung\LawinenBergungUnity\Library\PackageCache\com.unity.visualscripting@1.8.0\Editor\VisualScripting.Core\Dependencies\DotNetZip\Unity.VisualScripting.IonicZip.dll
Native extension for WindowsStandalone target not found
Native extension for WebGL target not found
Refreshing native plugins compatible for Editor in 0.55 ms, found 3 plugins.
Preloading 0 native plugins for Editor in 0.00 ms.
Mono: successfully reloaded assembly
- Completed reload, in  2.940 seconds
Domain Reload Profiling:
	ReloadAssembly (2940ms)
		BeginReloadAssembly (152ms)
			ExecutionOrderSort (0ms)
			DisableScriptedObjects (6ms)
			BackupInstance (0ms)
			ReleaseScriptingObjects (0ms)
			CreateAndSetChildDomain (19ms)
		EndReloadAssembly (2683ms)
			LoadAssemblies (2080ms)
			RebuildTransferFunctionScriptingTraits (0ms)
			SetupTypeCache (254ms)
			ReleaseScriptCaches (1ms)
			RebuildScriptCaches (45ms)
			SetupLoadedEditorAssemblies (320ms)
				LogAssemblyErrors (0ms)
				InitializePlatformSupportModulesInManaged (7ms)
				SetLoadedEditorAssemblies (0ms)
				RefreshPlugins (1ms)
				BeforeProcessingInitializeOnLoad (77ms)
				ProcessInitializeOnLoadAttributes (210ms)
				ProcessInitializeOnLoadMethodAttributes (16ms)
				AfterProcessingInitializeOnLoad (9ms)
				EditorAssembliesLoaded (0ms)
			ExecutionOrderSort2 (0ms)
			AwakeInstancesAfterBackupRestoration (6ms)
Platform modules already initialized, skipping
========================================================================
Worker process is ready to serve import requests
Launched and connected shader compiler UnityShaderCompiler.exe after 0.06 seconds
Refreshing native plugins compatible for Editor in 0.45 ms, found 3 plugins.
Preloading 0 native plugins for Editor in 0.00 ms.
Unloading 3062 Unused Serialized files (Serialized files now loaded: 0)
Unloading 24 unused Assets / (113.8 KB). Loaded Objects now: 3523.
Memory consumption went from 109.9 MB to 109.8 MB.
Total: 2.510200 ms (FindLiveObjects: 0.233500 ms CreateObjectMapping: 0.192200 ms MarkObjects: 1.974900 ms  DeleteObjects: 0.108900 ms)

AssetImportParameters requested are different than current active one (requested -> active):
  custom:video-decoder-ogg-theora: a1e56fd34408186e4bbccfd4996cb3dc -> 
  custom:container-muxer-webm: aa71ff27fc2769a1b78a27578f13a17b -> 
  custom:container-demuxer-webm: 4f35f7cbe854078d1ac9338744f61a02 -> 
  custom:video-encoder-webm-vp8: eb34c28f22e8b96e1ab97ce403110664 -> 
  custom:video-codec-MediaFoundation-h265: 746d11721c4dcdbdad8f713fa42b33f4 -> 
  custom:audio-encoder-webm-vorbis: bf7c407c2cedff20999df2af8eb42d56 -> 
  custom:framework-win-MediaFoundation: 216162199b28c13a410421893ffa2e32 -> 
  custom:container-demuxer-ogg: 62fdf1f143b41e24485cea50d1cbac27 -> 
  custom:video-decoder-webm-vp8: 9c59270c3fd7afecdb556c50c9e8de78 -> 
  custom:audio-decoder-ogg-vorbis: bf7c407c2cedff20999df2af8eb42d56 -> 
========================================================================
Received Import Request.
  Time since last request: 2494.583534 seconds.
  path: Assets/UI/Pfeil-Mitte.png
  artifactKey: Guid(a6d407c2970455b44b82c7bc899c9785) Importer(815301076,1909f56bfc062723c751e8b465ee728b)
Start importing Assets/UI/Pfeil-Mitte.png using Guid(a6d407c2970455b44b82c7bc899c9785) Importer(815301076,1909f56bfc062723c751e8b465ee728b)  -> (artifact id: '02463f29bf43acda26be99f2b722373e') in 0.137129 seconds 
========================================================================
Received Import Request.
  Time since last request: 31.320529 seconds.
  path: Assets/UI/Pfeil-Mitte.png
  artifactKey: Guid(a6d407c2970455b44b82c7bc899c9785) Importer(815301076,1909f56bfc062723c751e8b465ee728b)
Start importing Assets/UI/Pfeil-Mitte.png using Guid(a6d407c2970455b44b82c7bc899c9785) Importer(815301076,1909f56bfc062723c751e8b465ee728b)  -> (artifact id: 'd40358c037978a7552bc770c1b33047b') in 0.050411 seconds 
========================================================================
Received Import Request.
  Time since last request: 48.271531 seconds.
  path: Assets/UI/Pfeil-Links.png
  artifactKey: Guid(477618db6a9890e49b519dc3646e4376) Importer(815301076,1909f56bfc062723c751e8b465ee728b)
Start importing Assets/UI/Pfeil-Links.png using Guid(477618db6a9890e49b519dc3646e4376) Importer(815301076,1909f56bfc062723c751e8b465ee728b)  -> (artifact id: '9fbe1ce27f55df3a5d8cb1df38962482') in 0.017605 seconds 
========================================================================
Received Import Request.
  Time since last request: 4.365644 seconds.
  path: Assets/UI/Pfeil-Rechts.png
  artifactKey: Guid(6087570238699124da2d0492fbcb8f3d) Importer(815301076,1909f56bfc062723c751e8b465ee728b)
Start importing Assets/UI/Pfeil-Rechts.png using Guid(6087570238699124da2d0492fbcb8f3d) Importer(815301076,1909f56bfc062723c751e8b465ee728b)  -> (artifact id: '0f3cb9da5a17cb4b56de8632487d3475') in 0.013443 seconds 
========================================================================
Received Import Request.
  Time since last request: 4.133465 seconds.
  path: Assets/UI/Pfeil-StarkLinks.png
  artifactKey: Guid(66d55c31a8c8e5842ae5479f712d07fa) Importer(815301076,1909f56bfc062723c751e8b465ee728b)
Start importing Assets/UI/Pfeil-StarkLinks.png using Guid(66d55c31a8c8e5842ae5479f712d07fa) Importer(815301076,1909f56bfc062723c751e8b465ee728b)  -> (artifact id: 'c11afcebb597829e9cbc2d8a551774f5') in 0.015250 seconds 
========================================================================
Received Import Request.
  Time since last request: 3.655778 seconds.
  path: Assets/UI/Pfeil-StarkRechts.png
  artifactKey: Guid(2cc89e3574d92e24c960ae26e316fbd2) Importer(815301076,1909f56bfc062723c751e8b465ee728b)
Start importing Assets/UI/Pfeil-StarkRechts.png using Guid(2cc89e3574d92e24c960ae26e316fbd2) Importer(815301076,1909f56bfc062723c751e8b465ee728b)  -> (artifact id: '9992911beacd2cb9fa5867ad765c238a') in 0.013631 seconds 
========================================================================
Received Import Request.
  Time since last request: 55.482325 seconds.
  path: Assets/UI/Pfeil-StarkLinks.png
  artifactKey: Guid(66d55c31a8c8e5842ae5479f712d07fa) Importer(815301076,1909f56bfc062723c751e8b465ee728b)
Start importing Assets/UI/Pfeil-StarkLinks.png using Guid(66d55c31a8c8e5842ae5479f712d07fa) Importer(815301076,1909f56bfc062723c751e8b465ee728b)  -> (artifact id: 'e159af3853cabf7c090366f6b88eae52') in 0.023402 seconds 
========================================================================
Received Import Request.
  Time since last request: 8.519353 seconds.
  path: Assets/UI/Pfeil-StarkLinks.png
  artifactKey: Guid(66d55c31a8c8e5842ae5479f712d07fa) Importer(815301076,1909f56bfc062723c751e8b465ee728b)
Start importing Assets/UI/Pfeil-StarkLinks.png using Guid(66d55c31a8c8e5842ae5479f712d07fa) Importer(815301076,1909f56bfc062723c751e8b465ee728b)  -> (artifact id: 'ac663ab3aaefbf6b35b633784003d723') in 0.033708 seconds 
========================================================================
Received Import Request.
  Time since last request: 184.782469 seconds.
  path: Assets/UI/Pfeil-StarkLinks.png
  artifactKey: Guid(66d55c31a8c8e5842ae5479f712d07fa) Importer(815301076,1909f56bfc062723c751e8b465ee728b)
Start importing Assets/UI/Pfeil-StarkLinks.png using Guid(66d55c31a8c8e5842ae5479f712d07fa) Importer(815301076,1909f56bfc062723c751e8b465ee728b)  -> (artifact id: 'db69fc58c6357d91a64ec2427119f8fb') in 0.015711 seconds 
========================================================================
Received Import Request.
  Time since last request: 5.305895 seconds.
  path: Assets/UI/Pfeil-StarkLinks.png
  artifactKey: Guid(66d55c31a8c8e5842ae5479f712d07fa) Importer(815301076,1909f56bfc062723c751e8b465ee728b)
Start importing Assets/UI/Pfeil-StarkLinks.png using Guid(66d55c31a8c8e5842ae5479f712d07fa) Importer(815301076,1909f56bfc062723c751e8b465ee728b)  -> (artifact id: 'b6f5e05e65d20e87587db43d1eafb852') in 0.013234 seconds 
========================================================================
Received Import Request.
  Time since last request: 4.288847 seconds.
  path: Assets/UI/Pfeil-StarkRechts.png
  artifactKey: Guid(2cc89e3574d92e24c960ae26e316fbd2) Importer(815301076,1909f56bfc062723c751e8b465ee728b)
Start importing Assets/UI/Pfeil-StarkRechts.png using Guid(2cc89e3574d92e24c960ae26e316fbd2) Importer(815301076,1909f56bfc062723c751e8b465ee728b)  -> (artifact id: '49bae61e4456dbd69699ccd167744bdc') in 0.016175 seconds 
========================================================================
Received Import Request.
  Time since last request: 64.725756 seconds.
  path: Assets/UI/Pfeil-Mitte.png
  artifactKey: Guid(a6d407c2970455b44b82c7bc899c9785) Importer(815301076,1909f56bfc062723c751e8b465ee728b)
Start importing Assets/UI/Pfeil-Mitte.png using Guid(a6d407c2970455b44b82c7bc899c9785) Importer(815301076,1909f56bfc062723c751e8b465ee728b)  -> (artifact id: 'b3961a7486aed2145a81fa7858ef33ea') in 0.012877 seconds 
========================================================================
Received Import Request.
  Time since last request: 5.267906 seconds.
  path: Assets/UI/Pfeil-Mitte.png
  artifactKey: Guid(a6d407c2970455b44b82c7bc899c9785) Importer(815301076,1909f56bfc062723c751e8b465ee728b)
Start importing Assets/UI/Pfeil-Mitte.png using Guid(a6d407c2970455b44b82c7bc899c9785) Importer(815301076,1909f56bfc062723c751e8b465ee728b)  -> (artifact id: 'a63475d52646323b692669972cfdfc21') in 0.013674 seconds 
========================================================================
Received Import Request.
  Time since last request: 175.713307 seconds.
  path: Assets/UI/Pfeil-Links.png
  artifactKey: Guid(477618db6a9890e49b519dc3646e4376) Importer(815301076,1909f56bfc062723c751e8b465ee728b)
Start importing Assets/UI/Pfeil-Links.png using Guid(477618db6a9890e49b519dc3646e4376) Importer(815301076,1909f56bfc062723c751e8b465ee728b)  -> (artifact id: '99e1a7e4ff70d3ffecd8f1228a5dc8e7') in 0.014509 seconds 
========================================================================
Received Import Request.
  Time since last request: 0.000019 seconds.
  path: Assets/UI/Pfeil-StarkLinks.png
  artifactKey: Guid(66d55c31a8c8e5842ae5479f712d07fa) Importer(815301076,1909f56bfc062723c751e8b465ee728b)
Start importing Assets/UI/Pfeil-StarkLinks.png using Guid(66d55c31a8c8e5842ae5479f712d07fa) Importer(815301076,1909f56bfc062723c751e8b465ee728b)  -> (artifact id: 'dc4cc55c593c4a679a9a4b61ce1a042d') in 0.013520 seconds 
========================================================================
Received Import Request.
  Time since last request: 7.161428 seconds.
  path: Assets/UI/Pfeil-Links.png
  artifactKey: Guid(477618db6a9890e49b519dc3646e4376) Importer(815301076,1909f56bfc062723c751e8b465ee728b)
Start importing Assets/UI/Pfeil-Links.png using Guid(477618db6a9890e49b519dc3646e4376) Importer(815301076,1909f56bfc062723c751e8b465ee728b)  -> (artifact id: '5ed5fc6e4c5db8e3d7f10f1141313557') in 0.015709 seconds 
========================================================================
Received Import Request.
  Time since last request: 0.000017 seconds.
  path: Assets/UI/Pfeil-StarkRechts.png
  artifactKey: Guid(2cc89e3574d92e24c960ae26e316fbd2) Importer(815301076,1909f56bfc062723c751e8b465ee728b)
Start importing Assets/UI/Pfeil-StarkRechts.png using Guid(2cc89e3574d92e24c960ae26e316fbd2) Importer(815301076,1909f56bfc062723c751e8b465ee728b)  -> (artifact id: '0f606e2b3acbd322770d5a547b88d9f3') in 0.018510 seconds 
========================================================================
Received Import Request.
  Time since last request: 0.000019 seconds.
  path: Assets/UI/Pfeil-StarkLinks.png
  artifactKey: Guid(66d55c31a8c8e5842ae5479f712d07fa) Importer(815301076,1909f56bfc062723c751e8b465ee728b)
Start importing Assets/UI/Pfeil-StarkLinks.png using Guid(66d55c31a8c8e5842ae5479f712d07fa) Importer(815301076,1909f56bfc062723c751e8b465ee728b)  -> (artifact id: 'fed967c39b7aed08cad4c658f22e8a70') in 0.033035 seconds 
========================================================================
Received Import Request.
  Time since last request: 1602.568055 seconds.
  path: Assets/3DModels
  artifactKey: Guid(205cda1f18c45714282c3038086aaf74) Importer(815301076,1909f56bfc062723c751e8b465ee728b)
Start importing Assets/3DModels using Guid(205cda1f18c45714282c3038086aaf74) Importer(815301076,1909f56bfc062723c751e8b465ee728b)  -> (artifact id: '4d8db23d5e7ba707bea6e8f33bcecaba') in 0.005716 seconds 
========================================================================
Received Import Request.
  Time since last request: 39.859958 seconds.
  path: Assets/3DModels/military_shovel.fbx
  artifactKey: Guid(06b0108f5775ad44e804b981913b2b3b) Importer(815301076,1909f56bfc062723c751e8b465ee728b)
Start importing Assets/3DModels/military_shovel.fbx using Guid(06b0108f5775ad44e804b981913b2b3b) Importer(815301076,1909f56bfc062723c751e8b465ee728b)  -> (artifact id: 'c1b26428bad8389051a5d19fbf13e5bf') in 0.293432 seconds 
========================================================================
Received Import Request.
  Time since last request: 142.847268 seconds.
  path: Assets/Materials
  artifactKey: Guid(cbc706ed7c4865348a2cae9bec6a53ed) Importer(815301076,1909f56bfc062723c751e8b465ee728b)
Start importing Assets/Materials using Guid(cbc706ed7c4865348a2cae9bec6a53ed) Importer(815301076,1909f56bfc062723c751e8b465ee728b)  -> (artifact id: '144e02b42e22c6bea3d461df3638d0cf') in 0.005400 seconds 
========================================================================
Received Import Request.
  Time since last request: 9.813244 seconds.
  path: Assets/Materials/ShovelMetal.mat
  artifactKey: Guid(cb378ae3bb50e86448d6c46ab3443744) Importer(815301076,1909f56bfc062723c751e8b465ee728b)
Start importing Assets/Materials/ShovelMetal.mat using Guid(cb378ae3bb50e86448d6c46ab3443744) Importer(815301076,1909f56bfc062723c751e8b465ee728b)  -> (artifact id: '9d9f05fc7604185f263ff8466ba9c62b') in 0.021650 seconds 
========================================================================
Received Import Request.
  Time since last request: 19.837963 seconds.
  path: Assets/Materials/SchaufelBlatt.mat
  artifactKey: Guid(cb378ae3bb50e86448d6c46ab3443744) Importer(815301076,1909f56bfc062723c751e8b465ee728b)
Start importing Assets/Materials/SchaufelBlatt.mat using Guid(cb378ae3bb50e86448d6c46ab3443744) Importer(815301076,1909f56bfc062723c751e8b465ee728b)  -> (artifact id: '4416cecca36d18cf2bbf36fa04fe596a') in 0.033038 seconds 
========================================================================
Received Import Request.
  Time since last request: 30.237868 seconds.
  path: Assets/Materials/SchaufelStiel.mat
  artifactKey: Guid(1ba0f1042759ada499acd3760ed3c5ae) Importer(815301076,1909f56bfc062723c751e8b465ee728b)
Start importing Assets/Materials/SchaufelStiel.mat using Guid(1ba0f1042759ada499acd3760ed3c5ae) Importer(815301076,1909f56bfc062723c751e8b465ee728b)  -> (artifact id: '0ca166c4c1a8b8768786a4b90955f285') in 0.017683 seconds 
========================================================================
Received Import Request.
  Time since last request: 25.982140 seconds.
  path: Assets/Materials/SchaufelGriff
  artifactKey: Guid(a506068226f116048a16cb6014880f23) Importer(815301076,1909f56bfc062723c751e8b465ee728b)
Start importing Assets/Materials/SchaufelGriff using Guid(a506068226f116048a16cb6014880f23) Importer(815301076,1909f56bfc062723c751e8b465ee728b)  -> (artifact id: '986962c5d3d90d966bba1a5fcdd25062') in 0.005173 seconds 
========================================================================
Received Import Request.
  Time since last request: 11.638469 seconds.
  path: Assets/Materials/SchaufelGriff.mat
  artifactKey: Guid(ad1af53a7ba8c494385785b98f32544e) Importer(815301076,1909f56bfc062723c751e8b465ee728b)
Start importing Assets/Materials/SchaufelGriff.mat using Guid(ad1af53a7ba8c494385785b98f32544e) Importer(815301076,1909f56bfc062723c751e8b465ee728b)  -> (artifact id: 'f373a05534aec94c8956302fc1ea1a1c') in 0.015644 seconds 
========================================================================
Received Import Request.
  Time since last request: 792.841761 seconds.
  path: Assets/Materials/military_shovel (1).controller
  artifactKey: Guid(c72261c6a762bac4f8c3db2535ce998d) Importer(815301076,1909f56bfc062723c751e8b465ee728b)
Start importing Assets/Materials/military_shovel (1).controller using Guid(c72261c6a762bac4f8c3db2535ce998d) Importer(815301076,1909f56bfc062723c751e8b465ee728b)  -> (artifact id: 'bf972285f7d2b424e0df93a783bf4c09') in 0.011419 seconds 
========================================================================
Received Import Request.
  Time since last request: 12.461985 seconds.
  path: Assets/3DModels/military_shovel_correctedPivot.fbx
  artifactKey: Guid(01709851ab521b64f8089c1c51071519) Importer(815301076,1909f56bfc062723c751e8b465ee728b)
Start importing Assets/3DModels/military_shovel_correctedPivot.fbx using Guid(01709851ab521b64f8089c1c51071519) Importer(815301076,1909f56bfc062723c751e8b465ee728b)  -> (artifact id: 'e2b295b2ce536065cc2e93b44194969a') in 0.060010 seconds 
========================================================================
Received Import Request.
  Time since last request: 4.447662 seconds.
  path: Assets/3DModels/military_shovel.blend
  artifactKey: Guid(127190f63c523df498d3dda20f8b3707) Importer(815301076,1909f56bfc062723c751e8b465ee728b)
Start importing Assets/3DModels/military_shovel.blend using Guid(127190f63c523df498d3dda20f8b3707) Importer(815301076,1909f56bfc062723c751e8b465ee728b)  -> (artifact id: 'e0e12b8b8ccc09c532cd2df04569b231') in 0.051552 seconds 
========================================================================
Received Import Request.
  Time since last request: 327.376149 seconds.
  path: Assets/military_shovel_correctedPivot.fbx
  artifactKey: Guid(5cfcb79d6b9fcf24cbcdb305a5858094) Importer(815301076,1909f56bfc062723c751e8b465ee728b)
Start importing Assets/military_shovel_correctedPivot.fbx using Guid(5cfcb79d6b9fcf24cbcdb305a5858094) Importer(815301076,1909f56bfc062723c751e8b465ee728b)  -> (artifact id: 'a5df43083041c9008219406c6e5dd54e') in 0.054435 seconds 
========================================================================
Received Import Request.
  Time since last request: 545.285162 seconds.
  path: Assets/3DModels/military_shovel_correctedPivot.fbx
  artifactKey: Guid(5cfcb79d6b9fcf24cbcdb305a5858094) Importer(815301076,1909f56bfc062723c751e8b465ee728b)
Start importing Assets/3DModels/military_shovel_correctedPivot.fbx using Guid(5cfcb79d6b9fcf24cbcdb305a5858094) Importer(815301076,1909f56bfc062723c751e8b465ee728b)  -> (artifact id: '632875e111130ad6dcb7539396baf76e') in 0.041164 seconds 
========================================================================
Received Import Request.
  Time since last request: 38.541020 seconds.
  path: Assets/military_shovel_correctedPivot.fbx
  artifactKey: Guid(dd6e659e88f1edc4babebde4697f1fb6) Importer(815301076,1909f56bfc062723c751e8b465ee728b)
Start importing Assets/military_shovel_correctedPivot.fbx using Guid(dd6e659e88f1edc4babebde4697f1fb6) Importer(815301076,1909f56bfc062723c751e8b465ee728b)  -> (artifact id: 'c0bbe0c049edaf686784e8bff2744d14') in 0.039562 seconds 
========================================================================
Received Import Request.
  Time since last request: 191.727989 seconds.
  path: Assets/3DModels/military_shovel_correctedPivot.fbx
  artifactKey: Guid(dd6e659e88f1edc4babebde4697f1fb6) Importer(815301076,1909f56bfc062723c751e8b465ee728b)
Start importing Assets/3DModels/military_shovel_correctedPivot.fbx using Guid(dd6e659e88f1edc4babebde4697f1fb6) Importer(815301076,1909f56bfc062723c751e8b465ee728b)  -> (artifact id: '99a19efc264614609202fe3a39836bbd') in 0.059310 seconds 
========================================================================
Received Import Request.
  Time since last request: 162.775080 seconds.
  path: Assets/Materials/SchaufelBlatt.mat
  artifactKey: Guid(cb378ae3bb50e86448d6c46ab3443744) Importer(815301076,1909f56bfc062723c751e8b465ee728b)
Start importing Assets/Materials/SchaufelBlatt.mat using Guid(cb378ae3bb50e86448d6c46ab3443744) Importer(815301076,1909f56bfc062723c751e8b465ee728b)  -> (artifact id: 'b93f1005720779e30ec2188e892b7ccf') in 0.016667 seconds 
========================================================================
Received Import Request.
  Time since last request: 0.000022 seconds.
  path: Assets/Materials/SchaufelStiel.mat
  artifactKey: Guid(1ba0f1042759ada499acd3760ed3c5ae) Importer(815301076,1909f56bfc062723c751e8b465ee728b)
Start importing Assets/Materials/SchaufelStiel.mat using Guid(1ba0f1042759ada499acd3760ed3c5ae) Importer(815301076,1909f56bfc062723c751e8b465ee728b)  -> (artifact id: '04ee9884e9d88bbb3b92bfb29466c144') in 0.031339 seconds 
========================================================================
Received Import Request.
  Time since last request: 153.781576 seconds.
  path: Assets/3DModels/military_shovel_correctedPivot.fbx
  artifactKey: Guid(dd6e659e88f1edc4babebde4697f1fb6) Importer(815301076,1909f56bfc062723c751e8b465ee728b)
Start importing Assets/3DModels/military_shovel_correctedPivot.fbx using Guid(dd6e659e88f1edc4babebde4697f1fb6) Importer(815301076,1909f56bfc062723c751e8b465ee728b)  -> (artifact id: '0376c1e688326198760874f783d59129') in 0.129906 seconds 
========================================================================
Received Import Request.
  Time since last request: 8.842054 seconds.
  path: Assets/3DModels/military_shovel_correctedPivot.fbx
  artifactKey: Guid(dd6e659e88f1edc4babebde4697f1fb6) Importer(815301076,1909f56bfc062723c751e8b465ee728b)
Start importing Assets/3DModels/military_shovel_correctedPivot.fbx using Guid(dd6e659e88f1edc4babebde4697f1fb6) Importer(815301076,1909f56bfc062723c751e8b465ee728b)  -> (artifact id: '247bc4ee609e47853e318281a85cd25e') in 0.063624 seconds 
========================================================================
Received Import Request.
  Time since last request: 130.311903 seconds.
  path: Assets/Materials/SchaufelNus.mat
  artifactKey: Guid(ad1af53a7ba8c494385785b98f32544e) Importer(815301076,1909f56bfc062723c751e8b465ee728b)
Start importing Assets/Materials/SchaufelNus.mat using Guid(ad1af53a7ba8c494385785b98f32544e) Importer(815301076,1909f56bfc062723c751e8b465ee728b)  -> (artifact id: '5155d10c255a9f687ac5423a27c93651') in 0.014346 seconds 
========================================================================
Received Import Request.
  Time since last request: 26.040496 seconds.
  path: Assets/3DModels/military_shovel_correctedPivot.fbx
  artifactKey: Guid(dd6e659e88f1edc4babebde4697f1fb6) Importer(815301076,1909f56bfc062723c751e8b465ee728b)
Start importing Assets/3DModels/military_shovel_correctedPivot.fbx using Guid(dd6e659e88f1edc4babebde4697f1fb6) Importer(815301076,1909f56bfc062723c751e8b465ee728b)  -> (artifact id: '69e7e19188dc6974f055607a24806f60') in 0.027202 seconds 
========================================================================
Received Import Request.
  Time since last request: 395.514862 seconds.
  path: Assets/Animations/unfoldShovel.anim
  artifactKey: Guid(bc7f715975be4124585eb4a16e69e795) Importer(815301076,1909f56bfc062723c751e8b465ee728b)
Start importing Assets/Animations/unfoldShovel.anim using Guid(bc7f715975be4124585eb4a16e69e795) Importer(815301076,1909f56bfc062723c751e8b465ee728b)  -> (artifact id: '04a7509df8c41ec6acf9dbbd0597ed56') in 0.008130 seconds 
========================================================================
Received Import Request.
  Time since last request: 7.731529 seconds.
  path: Assets/Animations/unfoldHead.anim
  artifactKey: Guid(bc7f715975be4124585eb4a16e69e795) Importer(815301076,1909f56bfc062723c751e8b465ee728b)
Start importing Assets/Animations/unfoldHead.anim using Guid(bc7f715975be4124585eb4a16e69e795) Importer(815301076,1909f56bfc062723c751e8b465ee728b)  -> (artifact id: '2730c7650eac783da2c6e0418530f50e') in 0.006251 seconds 
========================================================================
Received Import Request.
  Time since last request: 216.873712 seconds.
  path: Assets/Snow Mountain/Prefab
  artifactKey: Guid(0de9d0709e0788d44b4abc266097343e) Importer(815301076,1909f56bfc062723c751e8b465ee728b)
Start importing Assets/Snow Mountain/Prefab using Guid(0de9d0709e0788d44b4abc266097343e) Importer(815301076,1909f56bfc062723c751e8b465ee728b)  -> (artifact id: '9c1a5654ea3be5a142cde839022071f5') in 0.006020 seconds 
========================================================================
Received Import Request.
  Time since last request: 0.108017 seconds.
  path: Assets/Snow Mountain/Prefab/mountain_Snow_000.prefab
  artifactKey: Guid(a0caed2329b1ff545b145d48d6ef85d7) Importer(815301076,1909f56bfc062723c751e8b465ee728b)
Start importing Assets/Snow Mountain/Prefab/mountain_Snow_000.prefab using Guid(a0caed2329b1ff545b145d48d6ef85d7) Importer(815301076,1909f56bfc062723c751e8b465ee728b)  -> (artifact id: '4c26ac94ec2db3f96e51f0a6b4cdc007') in 0.230360 seconds 
========================================================================
Received Import Request.
  Time since last request: 291.934671 seconds.
  path: Assets/Snow Mountain/Scenes/SnowMountainsSettings.lighting
  artifactKey: Guid(a8c0babb4556e4240a59ea46ed6d3ddc) Importer(815301076,1909f56bfc062723c751e8b465ee728b)
Start importing Assets/Snow Mountain/Scenes/SnowMountainsSettings.lighting using Guid(a8c0babb4556e4240a59ea46ed6d3ddc) Importer(815301076,1909f56bfc062723c751e8b465ee728b) LightingSettings: switching bake backend from 1 to 0.
 -> (artifact id: 'b5b1701a5ea5cc818a0c2c03aaeb5193') in 0.007479 seconds 
========================================================================
Received Import Request.
  Time since last request: 45.502389 seconds.
  path: Assets/Snow Mountain/Materials/enviromentMap.mat
  artifactKey: Guid(b7b81ebbe36017a489fa9efb826111de) Importer(815301076,1909f56bfc062723c751e8b465ee728b)
Start importing Assets/Snow Mountain/Materials/enviromentMap.mat using Guid(b7b81ebbe36017a489fa9efb826111de) Importer(815301076,1909f56bfc062723c751e8b465ee728b)  -> (artifact id: '47aa50b923bdafb08c58c5e98c870e1f') in 0.038072 seconds 
========================================================================
Received Import Request.
  Time since last request: 32.657708 seconds.
  path: Assets/Snow Mountain/Source/cubemap/003_Sunrise_SkyboxVol2.hdr
  artifactKey: Guid(9e6c5f0e069df4c47a3ffeb1ef4936bf) Importer(815301076,1909f56bfc062723c751e8b465ee728b)
Start importing Assets/Snow Mountain/Source/cubemap/003_Sunrise_SkyboxVol2.hdr using Guid(9e6c5f0e069df4c47a3ffeb1ef4936bf) Importer(815301076,1909f56bfc062723c751e8b465ee728b)  -> (artifact id: '3e70219904a9366c7a9b4dcdb2ba1ac1') in 0.028075 seconds 
========================================================================
Received Import Request.
  Time since last request: 114.867758 seconds.
  path: Assets/Snow_mountain/Skybox/skybox.mat
  artifactKey: Guid(0ff3aa777f2ccae4dbada9366130d56b) Importer(815301076,1909f56bfc062723c751e8b465ee728b)
Start importing Assets/Snow_mountain/Skybox/skybox.mat using Guid(0ff3aa777f2ccae4dbada9366130d56b) Importer(815301076,1909f56bfc062723c751e8b465ee728b)  -> (artifact id: '3c505ddf7d306c622a91e52579cb724a') in 0.186669 seconds 
Editor requested this worker to shutdown with reason: Scaling down because of idle timeout
AssetImportWorker is now disconnected from the server
Process exiting
Exiting without the bug reporter. Application will terminate with return code 0