Using pre-set license
Built from '2021.3/staging' branch; Version is '2021.3.25f1 (68ef2c4f8861) revision 6876972'; Using compiler version '192829333'; Build Type 'Release'
OS: 'Windows 10  (10.0.19045) 64bit Core' Language: 'de' Physical Memory: 32666 MB
BatchMode: 1, IsHumanControllingUs: 0, StartBugReporterOnCrash: 0, Is64bit: 1, IsPro: 1

COMMAND LINE ARGUMENTS:
C:\Program Files\Unity\Hub\Editor\2021.3.25f1\Editor\Unity.exe
-adb2
-batchMode
-noUpm
-name
AssetImportWorker4
-projectPath
C:/Users/sophi/LawinenBergung/LawinenBergungUnity
-logFile
Logs/AssetImportWorker4.log
-srvPort
51706
Successfully changed project path to: C:/Users/sophi/LawinenBergung/LawinenBergungUnity
C:/Users/sophi/LawinenBergung/LawinenBergungUnity
[UnityMemory] Configuration Parameters - Can be set up in boot.config
    "memorysetup-bucket-allocator-granularity=16"
    "memorysetup-bucket-allocator-bucket-count=8"
    "memorysetup-bucket-allocator-block-size=33554432"
    "memorysetup-bucket-allocator-block-count=8"
    "memorysetup-main-allocator-block-size=16777216"
    "memorysetup-thread-allocator-block-size=16777216"
    "memorysetup-gfx-main-allocator-block-size=16777216"
    "memorysetup-gfx-thread-allocator-block-size=16777216"
    "memorysetup-cache-allocator-block-size=4194304"
    "memorysetup-typetree-allocator-block-size=2097152"
    "memorysetup-profiler-bucket-allocator-granularity=16"
    "memorysetup-profiler-bucket-allocator-bucket-count=8"
    "memorysetup-profiler-bucket-allocator-block-size=33554432"
    "memorysetup-profiler-bucket-allocator-block-count=8"
    "memorysetup-profiler-allocator-block-size=16777216"
    "memorysetup-profiler-editor-allocator-block-size=1048576"
    "memorysetup-temp-allocator-size-main=16777216"
    "memorysetup-job-temp-allocator-block-size=2097152"
    "memorysetup-job-temp-allocator-block-size-background=1048576"
    "memorysetup-job-temp-allocator-reduction-small-platforms=262144"
    "memorysetup-temp-allocator-size-background-worker=32768"
    "memorysetup-temp-allocator-size-job-worker=262144"
    "memorysetup-temp-allocator-size-preload-manager=33554432"
    "memorysetup-temp-allocator-size-nav-mesh-worker=65536"
    "memorysetup-temp-allocator-size-audio-worker=65536"
    "memorysetup-temp-allocator-size-cloud-worker=32768"
    "memorysetup-temp-allocator-size-gi-baking-worker=262144"
    "memorysetup-temp-allocator-size-gfx=262144"
Player connection [29620] Host "[IP] 192.168.0.103 [Port] 0 [Flags] 2 [Guid] 3575401480 [EditorId] 3575401480 [Version] 1048832 [Id] WindowsEditor(7,DESKTOP-QV591KC) [Debug] 1 [PackageName] WindowsEditor [ProjectName] Editor" joined multi-casting on [225.0.0.222:54997]...

Player connection [29620] Host "[IP] 192.168.0.103 [Port] 0 [Flags] 2 [Guid] 3575401480 [EditorId] 3575401480 [Version] 1048832 [Id] WindowsEditor(7,DESKTOP-QV591KC) [Debug] 1 [PackageName] WindowsEditor [ProjectName] Editor" joined alternative multi-casting on [225.0.0.222:34997]...

Refreshing native plugins compatible for Editor in 73.00 ms, found 3 plugins.
Preloading 0 native plugins for Editor in 0.00 ms.
Initialize engine version: 2021.3.25f1 (68ef2c4f8861)
[Subsystems] Discovering subsystems at path C:/Program Files/Unity/Hub/Editor/2021.3.25f1/Editor/Data/Resources/UnitySubsystems
[Subsystems] Discovering subsystems at path C:/Users/sophi/LawinenBergung/LawinenBergungUnity/Assets
GfxDevice: creating device client; threaded=0; jobified=0
Direct3D:
    Version:  Direct3D 11.0 [level 11.1]
    Renderer: NVIDIA GeForce RTX 3070 (ID=0x2484)
    Vendor:   NVIDIA
    VRAM:     8032 MB
    Driver:   31.0.15.3161
Initialize mono
Mono path[0] = 'C:/Program Files/Unity/Hub/Editor/2021.3.25f1/Editor/Data/Managed'
Mono path[1] = 'C:/Program Files/Unity/Hub/Editor/2021.3.25f1/Editor/Data/MonoBleedingEdge/lib/mono/unityjit-win32'
Mono config path = 'C:/Program Files/Unity/Hub/Editor/2021.3.25f1/Editor/Data/MonoBleedingEdge/etc'
Using monoOptions --debugger-agent=transport=dt_socket,embedding=1,server=y,suspend=n,address=127.0.0.1:56152
Begin MonoManager ReloadAssembly
Registering precompiled unity dll's ...
Register platform support module: C:/Program Files/Unity/Hub/Editor/2021.3.25f1/Editor/Data/PlaybackEngines/WebGLSupport/UnityEditor.WebGL.Extensions.dll
Register platform support module: C:/Program Files/Unity/Hub/Editor/2021.3.25f1/Editor/Data/PlaybackEngines/WindowsStandaloneSupport/UnityEditor.WindowsStandalone.Extensions.dll
Registered in 0.010127 seconds.
Native extension for WindowsStandalone target not found
Native extension for WebGL target not found
Refreshing native plugins compatible for Editor in 69.55 ms, found 3 plugins.
Preloading 0 native plugins for Editor in 0.00 ms.
Mono: successfully reloaded assembly
- Completed reload, in  0.637 seconds
Domain Reload Profiling:
	ReloadAssembly (637ms)
		BeginReloadAssembly (125ms)
			ExecutionOrderSort (0ms)
			DisableScriptedObjects (0ms)
			BackupInstance (0ms)
			ReleaseScriptingObjects (0ms)
			CreateAndSetChildDomain (1ms)
		EndReloadAssembly (416ms)
			LoadAssemblies (124ms)
			RebuildTransferFunctionScriptingTraits (0ms)
			SetupTypeCache (96ms)
			ReleaseScriptCaches (0ms)
			RebuildScriptCaches (24ms)
			SetupLoadedEditorAssemblies (246ms)
				LogAssemblyErrors (0ms)
				InitializePlatformSupportModulesInManaged (10ms)
				SetLoadedEditorAssemblies (0ms)
				RefreshPlugins (70ms)
				BeforeProcessingInitializeOnLoad (1ms)
				ProcessInitializeOnLoadAttributes (122ms)
				ProcessInitializeOnLoadMethodAttributes (43ms)
				AfterProcessingInitializeOnLoad (0ms)
				EditorAssembliesLoaded (0ms)
			ExecutionOrderSort2 (0ms)
			AwakeInstancesAfterBackupRestoration (0ms)
Platform modules already initialized, skipping
Registering precompiled user dll's ...
Registered in 0.015106 seconds.
Begin MonoManager ReloadAssembly
Symbol file LoadedFromMemory doesn't match image C:\Users\sophi\LawinenBergung\LawinenBergungUnity\Library\PackageCache\com.unity.visualscripting@1.8.0\Editor\VisualScripting.Core\Dependencies\YamlDotNet\Unity.VisualScripting.YamlDotNet.dll
Symbol file LoadedFromMemory doesn't match image C:\Users\sophi\LawinenBergung\LawinenBergungUnity\Library\PackageCache\com.unity.visualscripting@1.8.0\Editor\VisualScripting.Core\Dependencies\DotNetZip\Unity.VisualScripting.IonicZip.dll
Native extension for WindowsStandalone target not found
Native extension for WebGL target not found
Refreshing native plugins compatible for Editor in 0.44 ms, found 3 plugins.
Preloading 0 native plugins for Editor in 0.00 ms.
Mono: successfully reloaded assembly
- Completed reload, in  2.521 seconds
Domain Reload Profiling:
	ReloadAssembly (2522ms)
		BeginReloadAssembly (144ms)
			ExecutionOrderSort (0ms)
			DisableScriptedObjects (5ms)
			BackupInstance (0ms)
			ReleaseScriptingObjects (0ms)
			CreateAndSetChildDomain (17ms)
		EndReloadAssembly (2276ms)
			LoadAssemblies (1688ms)
			RebuildTransferFunctionScriptingTraits (0ms)
			SetupTypeCache (241ms)
			ReleaseScriptCaches (1ms)
			RebuildScriptCaches (42ms)
			SetupLoadedEditorAssemblies (316ms)
				LogAssemblyErrors (0ms)
				InitializePlatformSupportModulesInManaged (7ms)
				SetLoadedEditorAssemblies (0ms)
				RefreshPlugins (1ms)
				BeforeProcessingInitializeOnLoad (73ms)
				ProcessInitializeOnLoadAttributes (207ms)
				ProcessInitializeOnLoadMethodAttributes (18ms)
				AfterProcessingInitializeOnLoad (10ms)
				EditorAssembliesLoaded (0ms)
			ExecutionOrderSort2 (0ms)
			AwakeInstancesAfterBackupRestoration (7ms)
Platform modules already initialized, skipping
========================================================================
Worker process is ready to serve import requests
Launched and connected shader compiler UnityShaderCompiler.exe after 0.06 seconds
Refreshing native plugins compatible for Editor in 0.65 ms, found 3 plugins.
Preloading 0 native plugins for Editor in 0.00 ms.
Unloading 3062 Unused Serialized files (Serialized files now loaded: 0)
Unloading 24 unused Assets / (114.1 KB). Loaded Objects now: 3524.
Memory consumption went from 110.0 MB to 109.9 MB.
Total: 2.609200 ms (FindLiveObjects: 0.232100 ms CreateObjectMapping: 0.186100 ms MarkObjects: 2.089700 ms  DeleteObjects: 0.100500 ms)

AssetImportParameters requested are different than current active one (requested -> active):
  custom:video-decoder-ogg-theora: a1e56fd34408186e4bbccfd4996cb3dc -> 
  custom:container-muxer-webm: aa71ff27fc2769a1b78a27578f13a17b -> 
  custom:container-demuxer-webm: 4f35f7cbe854078d1ac9338744f61a02 -> 
  custom:video-encoder-webm-vp8: eb34c28f22e8b96e1ab97ce403110664 -> 
  custom:video-codec-MediaFoundation-h265: 746d11721c4dcdbdad8f713fa42b33f4 -> 
  custom:audio-encoder-webm-vorbis: bf7c407c2cedff20999df2af8eb42d56 -> 
  custom:framework-win-MediaFoundation: 216162199b28c13a410421893ffa2e32 -> 
  custom:container-demuxer-ogg: 62fdf1f143b41e24485cea50d1cbac27 -> 
  custom:video-decoder-webm-vp8: 9c59270c3fd7afecdb556c50c9e8de78 -> 
  custom:audio-decoder-ogg-vorbis: bf7c407c2cedff20999df2af8eb42d56 -> 
========================================================================
Received Import Request.
  Time since last request: 8509.258477 seconds.
  path: Assets/Snow_mountain/snow_mountain/Snow_mountain.FBX
  artifactKey: Guid(41dc84019e9376b46908ba7afdd1d15e) Importer(815301076,1909f56bfc062723c751e8b465ee728b)
Start importing Assets/Snow_mountain/snow_mountain/Snow_mountain.FBX using Guid(41dc84019e9376b46908ba7afdd1d15e) Importer(815301076,1909f56bfc062723c751e8b465ee728b)  -> (artifact id: '6762f3520abde9be0bb589594e5ced30') in 0.271265 seconds 
========================================================================
Received Import Request.
  Time since last request: 453.392989 seconds.
  path: Assets/Snow_mountain/snow_mountain/Materials/Snow_mountain_t1_2.mat
  artifactKey: Guid(68767cb0b84f2f646b8f841c92350840) Importer(815301076,1909f56bfc062723c751e8b465ee728b)
Start importing Assets/Snow_mountain/snow_mountain/Materials/Snow_mountain_t1_2.mat using Guid(68767cb0b84f2f646b8f841c92350840) Importer(815301076,1909f56bfc062723c751e8b465ee728b)  -> (artifact id: 'b0608c40846b81dc8c15c0ae6b83d988') in 0.041869 seconds 
========================================================================
Received Import Request.
  Time since last request: 3.758034 seconds.
  path: Assets/Snow_mountain/snow_mountain/Textures/full2.bmp
  artifactKey: Guid(b5e27e7947ddac94fa502412c16f977a) Importer(815301076,1909f56bfc062723c751e8b465ee728b)
Start importing Assets/Snow_mountain/snow_mountain/Textures/full2.bmp using Guid(b5e27e7947ddac94fa502412c16f977a) Importer(815301076,1909f56bfc062723c751e8b465ee728b)  -> (artifact id: '7a82679cb5bd274f0097901c0e03e412') in 0.029510 seconds 
========================================================================
Received Import Request.
  Time since last request: 4.447692 seconds.
  path: Assets/Snow_mountain/snow_mountain/Prefabs/Snow_mountain.prefab
  artifactKey: Guid(a85feef60c5e675428276a080c95062c) Importer(815301076,1909f56bfc062723c751e8b465ee728b)
Start importing Assets/Snow_mountain/snow_mountain/Prefabs/Snow_mountain.prefab using Guid(a85feef60c5e675428276a080c95062c) Importer(815301076,1909f56bfc062723c751e8b465ee728b)  -> (artifact id: '305b37d7a12a0818d0b441fae3561cfb') in 0.025209 seconds 
========================================================================
Received Import Request.
  Time since last request: 125.146073 seconds.
  path: Assets/Snow_mountain/snow_mountain/Textures/cliff.bmp
  artifactKey: Guid(7a4af93871e53e0469842bbfd4f387d6) Importer(815301076,1909f56bfc062723c751e8b465ee728b)
Start importing Assets/Snow_mountain/snow_mountain/Textures/cliff.bmp using Guid(7a4af93871e53e0469842bbfd4f387d6) Importer(815301076,1909f56bfc062723c751e8b465ee728b)  -> (artifact id: 'af94737251af2f28e724d184cfd54308') in 0.015409 seconds 
========================================================================
Received Import Request.
  Time since last request: 0.000019 seconds.
  path: Assets/Snow_mountain/snow_mountain/Textures/light.bmp
  artifactKey: Guid(c92da6b40cfbf4a42830e371effea9ba) Importer(815301076,1909f56bfc062723c751e8b465ee728b)
Start importing Assets/Snow_mountain/snow_mountain/Textures/light.bmp using Guid(c92da6b40cfbf4a42830e371effea9ba) Importer(815301076,1909f56bfc062723c751e8b465ee728b)  -> (artifact id: '18b9995b224dfdacc6474d1da0ff0a97') in 0.029388 seconds 
========================================================================
Received Import Request.
  Time since last request: 0.000018 seconds.
  path: Assets/Snow_mountain/snow_mountain/Textures/snow.bmp
  artifactKey: Guid(6cf2e24d0cf44ed4394d3b8269596d60) Importer(815301076,1909f56bfc062723c751e8b465ee728b)
Start importing Assets/Snow_mountain/snow_mountain/Textures/snow.bmp using Guid(6cf2e24d0cf44ed4394d3b8269596d60) Importer(815301076,1909f56bfc062723c751e8b465ee728b)  -> (artifact id: '936069ee95c05d1d69232aed9a289755') in 0.025998 seconds 
Editor requested this worker to shutdown with reason: Scaling down because of idle timeout
AssetImportWorker is now disconnected from the server
Process exiting
Exiting without the bug reporter. Application will terminate with return code 0